<?xml version="1.0" encoding="UTF-8"?>
<!-- Generated by org.testng.reporters.JUnitXMLReporter -->
<testsuite ignored="4" hostname="Proton" failures="0" tests="8" name="Functional Tests" time="98.5" errors="0" timestamp="2026-02-23T22:37:03 IST">
  <testcase classname="tests.LoginTest" name="TC_001_validLogin" time="1.725"/>
  <testcase classname="tests.LoginTest" name="TC_002_invalidUserLogin" time="2.297"/>
  <testcase classname="tests.LoginTest" name="TC_003_clickLoginButtonOnly" time="1.758"/>
  <testcase classname="tests.AddToCartTest" name="TC_004_addToCart" time="2.484"/>
  <testcase classname="tests.AddToCartTest" name="TC_005_addMultipleItemsToCart" time="9.656"/>
  <testcase classname="tests.AddToCartTest" name="TC_006_removeItemFromCart" time="3.881"/>
  <testcase classname="tests.CheckoutTest" name="TC_007_placeOrderWithValidDetails" time="6.234"/>
  <testcase classname="tests.CheckoutTest" name="TC_008_checkoutWithoutItemsTest" time="0.31"/>
  <testcase classname="tests.BaseTest" name="@BeforeSuite setupReport" time="0.0">
    <ignored/>
  </testcase> <!-- @BeforeSuite setupReport -->
  <testcase classname="tests.BaseTest" name="@BeforeSuite setupReport" time="0.0">
    <ignored/>
  </testcase> <!-- @BeforeSuite setupReport -->
  <testcase classname="tests.BaseTest" name="@AfterSuite tearDownReport" time="0.0">
    <ignored/>
  </testcase> <!-- @AfterSuite tearDownReport -->
  <testcase classname="tests.BaseTest" name="@AfterSuite tearDownReport" time="0.0">
    <ignored/>
  </testcase> <!-- @AfterSuite tearDownReport -->
</testsuite> <!-- Functional Tests -->
