<?xml version="1.0" encoding="UTF-8"?>
<!-- Generated by org.testng.reporters.JUnitXMLReporter -->
<testsuite ignored="4" hostname="Proton" failures="0" tests="8" name="Functional Tests" time="73.54" errors="0" timestamp="2026-02-19T15:50:11 IST">
  <testcase classname="tests.LoginTest" name="TC_001_validLogin" time="1.758"/>
  <testcase classname="tests.LoginTest" name="TC_002_invalidUserLogin" time="1.202"/>
  <testcase classname="tests.LoginTest" name="TC_003_clickLoginButtonOnly" time="0.695"/>
  <testcase classname="tests.AddToCartTest" name="TC_004_addToCart" time="1.774"/>
  <testcase classname="tests.AddToCartTest" name="TC_005_addMultipleItemsToCart" time="2.36"/>
  <testcase classname="tests.AddToCartTest" name="TC_006_removeItemFromCart" time="2.568"/>
  <testcase classname="tests.CheckoutTest" name="TC_007_placeOrderWithValidDetails" time="4.07"/>
  <testcase classname="tests.CheckoutTest" name="TC_008_checkoutWithoutItemsTest" time="0.315"/>
  <testcase classname="tests.BaseTest" name="@BeforeSuite setupReport" time="0.0">
    <ignored/>
  </testcase> <!-- @BeforeSuite setupReport -->
  <testcase classname="tests.BaseTest" name="@BeforeSuite setupReport" time="0.0">
    <ignored/>
  </testcase> <!-- @BeforeSuite setupReport -->
  <testcase classname="tests.BaseTest" name="@AfterSuite tearDownReport" time="0.0">
    <ignored/>
  </testcase> <!-- @AfterSuite tearDownReport -->
  <testcase classname="tests.BaseTest" name="@AfterSuite tearDownReport" time="0.0">
    <ignored/>
  </testcase> <!-- @AfterSuite tearDownReport -->
</testsuite> <!-- Functional Tests -->
