<?xml version="1.0" encoding="UTF-8"?>
<testng-results ignored="0" total="8" passed="8" failed="0" skipped="0">
  <reporter-output>
  </reporter-output>
  <suite started-at="2026-02-23T22:35:25 IST" name="BStack Demo Suite" finished-at="2026-02-23T22:37:03 IST" duration-ms="98500">
    <groups>
    </groups>
    <test started-at="2026-02-23T22:35:25 IST" name="Functional Tests" finished-at="2026-02-23T22:37:03 IST" duration-ms="98500">
      <class name="tests.LoginTest">
        <test-method is-config="true" signature="setupReport()[pri:0, instance:tests.LoginTest@1d296da]" started-at="2026-02-23T22:35:25 IST" name="setupReport" finished-at="2026-02-23T22:35:25 IST" duration-ms="365" status="PASS">
          <reporter-output>
          </reporter-output>
        </test-method> <!-- setupReport -->
        <test-method is-config="true" signature="setup()[pri:0, instance:tests.LoginTest@1d296da]" started-at="2026-02-23T22:35:25 IST" name="setup" finished-at="2026-02-23T22:35:35 IST" duration-ms="9701" status="PASS">
          <reporter-output>
          </reporter-output>
        </test-method> <!-- setup -->
        <test-method signature="TC_001_validLogin()[pri:0, instance:tests.LoginTest@1d296da]" started-at="2026-02-23T22:35:35 IST" name="TC_001_validLogin" finished-at="2026-02-23T22:35:36 IST" duration-ms="1725" status="PASS">
          <reporter-output>
          </reporter-output>
        </test-method> <!-- TC_001_validLogin -->
        <test-method is-config="true" signature="tearDown()[pri:0, instance:tests.LoginTest@1d296da]" started-at="2026-02-23T22:35:36 IST" name="tearDown" finished-at="2026-02-23T22:35:37 IST" duration-ms="420" status="PASS">
          <reporter-output>
          </reporter-output>
        </test-method> <!-- tearDown -->
        <test-method is-config="true" signature="setup()[pri:0, instance:tests.LoginTest@1d296da]" started-at="2026-02-23T22:35:37 IST" name="setup" finished-at="2026-02-23T22:35:45 IST" duration-ms="8537" status="PASS">
          <reporter-output>
          </reporter-output>
        </test-method> <!-- setup -->
        <test-method signature="TC_002_invalidUserLogin()[pri:0, instance:tests.LoginTest@1d296da]" started-at="2026-02-23T22:35:45 IST" name="TC_002_invalidUserLogin" finished-at="2026-02-23T22:35:48 IST" duration-ms="2297" status="PASS">
          <reporter-output>
          </reporter-output>
        </test-method> <!-- TC_002_invalidUserLogin -->
        <test-method is-config="true" signature="tearDown()[pri:0, instance:tests.LoginTest@1d296da]" started-at="2026-02-23T22:35:48 IST" name="tearDown" finished-at="2026-02-23T22:35:48 IST" duration-ms="457" status="PASS">
          <reporter-output>
          </reporter-output>
        </test-method> <!-- tearDown -->
        <test-method is-config="true" signature="setup()[pri:0, instance:tests.LoginTest@1d296da]" started-at="2026-02-23T22:35:48 IST" name="setup" finished-at="2026-02-23T22:35:57 IST" duration-ms="9339" status="PASS">
          <reporter-output>
          </reporter-output>
        </test-method> <!-- setup -->
        <test-method signature="TC_003_clickLoginButtonOnly()[pri:0, instance:tests.LoginTest@1d296da]" started-at="2026-02-23T22:35:57 IST" name="TC_003_clickLoginButtonOnly" finished-at="2026-02-23T22:35:59 IST" duration-ms="1758" status="PASS">
          <reporter-output>
          </reporter-output>
        </test-method> <!-- TC_003_clickLoginButtonOnly -->
        <test-method is-config="true" signature="tearDown()[pri:0, instance:tests.LoginTest@1d296da]" started-at="2026-02-23T22:35:59 IST" name="tearDown" finished-at="2026-02-23T22:36:00 IST" duration-ms="433" status="PASS">
          <reporter-output>
          </reporter-output>
        </test-method> <!-- tearDown -->
        <test-method is-config="true" signature="tearDownReport()[pri:0, instance:tests.LoginTest@1d296da]" started-at="2026-02-23T22:37:03 IST" name="tearDownReport" finished-at="2026-02-23T22:37:04 IST" duration-ms="427" status="PASS">
          <reporter-output>
          </reporter-output>
        </test-method> <!-- tearDownReport -->
      </class> <!-- tests.LoginTest -->
      <class name="tests.AddToCartTest">
        <test-method is-config="true" signature="setup()[pri:0, instance:tests.AddToCartTest@292b08d6]" started-at="2026-02-23T22:36:00 IST" name="setup" finished-at="2026-02-23T22:36:09 IST" duration-ms="8890" status="PASS">
          <reporter-output>
          </reporter-output>
        </test-method> <!-- setup -->
        <test-method signature="TC_004_addToCart()[pri:0, instance:tests.AddToCartTest@292b08d6]" started-at="2026-02-23T22:36:09 IST" name="TC_004_addToCart" finished-at="2026-02-23T22:36:11 IST" duration-ms="2484" status="PASS">
          <reporter-output>
          </reporter-output>
        </test-method> <!-- TC_004_addToCart -->
        <test-method is-config="true" signature="tearDown()[pri:0, instance:tests.AddToCartTest@292b08d6]" started-at="2026-02-23T22:36:11 IST" name="tearDown" finished-at="2026-02-23T22:36:11 IST" duration-ms="375" status="PASS">
          <reporter-output>
          </reporter-output>
        </test-method> <!-- tearDown -->
        <test-method is-config="true" signature="setup()[pri:0, instance:tests.AddToCartTest@292b08d6]" started-at="2026-02-23T22:36:11 IST" name="setup" finished-at="2026-02-23T22:36:14 IST" duration-ms="2607" status="PASS">
          <reporter-output>
          </reporter-output>
        </test-method> <!-- setup -->
        <test-method signature="TC_005_addMultipleItemsToCart()[pri:0, instance:tests.AddToCartTest@292b08d6]" started-at="2026-02-23T22:36:14 IST" name="TC_005_addMultipleItemsToCart" finished-at="2026-02-23T22:36:24 IST" duration-ms="9656" status="PASS">
          <reporter-output>
          </reporter-output>
        </test-method> <!-- TC_005_addMultipleItemsToCart -->
        <test-method is-config="true" signature="tearDown()[pri:0, instance:tests.AddToCartTest@292b08d6]" started-at="2026-02-23T22:36:24 IST" name="tearDown" finished-at="2026-02-23T22:36:24 IST" duration-ms="460" status="PASS">
          <reporter-output>
          </reporter-output>
        </test-method> <!-- tearDown -->
        <test-method is-config="true" signature="setup()[pri:0, instance:tests.AddToCartTest@292b08d6]" started-at="2026-02-23T22:36:24 IST" name="setup" finished-at="2026-02-23T22:36:34 IST" duration-ms="9476" status="PASS">
          <reporter-output>
          </reporter-output>
        </test-method> <!-- setup -->
        <test-method signature="TC_006_removeItemFromCart()[pri:0, instance:tests.AddToCartTest@292b08d6]" started-at="2026-02-23T22:36:34 IST" name="TC_006_removeItemFromCart" finished-at="2026-02-23T22:36:37 IST" duration-ms="3881" status="PASS">
          <reporter-output>
          </reporter-output>
        </test-method> <!-- TC_006_removeItemFromCart -->
        <test-method is-config="true" signature="tearDown()[pri:0, instance:tests.AddToCartTest@292b08d6]" started-at="2026-02-23T22:36:37 IST" name="tearDown" finished-at="2026-02-23T22:36:38 IST" duration-ms="263" status="PASS">
          <reporter-output>
          </reporter-output>
        </test-method> <!-- tearDown -->
      </class> <!-- tests.AddToCartTest -->
      <class name="tests.CheckoutTest">
        <test-method is-config="true" signature="setup()[pri:0, instance:tests.CheckoutTest@22555ebf]" started-at="2026-02-23T22:36:38 IST" name="setup" finished-at="2026-02-23T22:36:47 IST" duration-ms="9489" status="PASS">
          <reporter-output>
          </reporter-output>
        </test-method> <!-- setup -->
        <test-method signature="TC_007_placeOrderWithValidDetails()[pri:0, instance:tests.CheckoutTest@22555ebf]" started-at="2026-02-23T22:36:47 IST" name="TC_007_placeOrderWithValidDetails" finished-at="2026-02-23T22:36:53 IST" duration-ms="6234" status="PASS">
          <reporter-output>
          </reporter-output>
        </test-method> <!-- TC_007_placeOrderWithValidDetails -->
        <test-method is-config="true" signature="tearDown()[pri:0, instance:tests.CheckoutTest@22555ebf]" started-at="2026-02-23T22:36:53 IST" name="tearDown" finished-at="2026-02-23T22:36:55 IST" duration-ms="1821" status="PASS">
          <reporter-output>
          </reporter-output>
        </test-method> <!-- tearDown -->
        <test-method is-config="true" signature="setup()[pri:0, instance:tests.CheckoutTest@22555ebf]" started-at="2026-02-23T22:36:55 IST" name="setup" finished-at="2026-02-23T22:37:03 IST" duration-ms="7447" status="PASS">
          <reporter-output>
          </reporter-output>
        </test-method> <!-- setup -->
        <test-method signature="TC_008_checkoutWithoutItemsTest()[pri:0, instance:tests.CheckoutTest@22555ebf]" started-at="2026-02-23T22:37:03 IST" name="TC_008_checkoutWithoutItemsTest" finished-at="2026-02-23T22:37:03 IST" duration-ms="310" status="PASS">
          <reporter-output>
          </reporter-output>
        </test-method> <!-- TC_008_checkoutWithoutItemsTest -->
        <test-method is-config="true" signature="tearDown()[pri:0, instance:tests.CheckoutTest@22555ebf]" started-at="2026-02-23T22:37:03 IST" name="tearDown" finished-at="2026-02-23T22:37:03 IST" duration-ms="332" status="PASS">
          <reporter-output>
          </reporter-output>
        </test-method> <!-- tearDown -->
      </class> <!-- tests.CheckoutTest -->
    </test> <!-- Functional Tests -->
  </suite> <!-- BStack Demo Suite -->
</testng-results>
