<?xml version="1.0" encoding="UTF-8"?>
<!-- Generated by org.testng.reporters.JUnitReportReporter -->
<testsuite hostname="Proton" failures="0" tests="3" name="tests.LoginTest" time="34.667" errors="0" timestamp="2026-02-23T22:37:04 IST" skipped="0">
  <testcase classname="tests.LoginTest" name="TC_001_validLogin" time="11.846"/>
  <testcase classname="tests.LoginTest" name="TC_002_invalidUserLogin" time="12.069"/>
  <testcase classname="tests.LoginTest" name="TC_003_clickLoginButtonOnly" time="10.752"/>
</testsuite> <!-- tests.LoginTest -->
