<?xml version="1.0" encoding="UTF-8"?>
<!-- Generated by org.testng.reporters.JUnitReportReporter -->
<testsuite hostname="Proton" failures="0" tests="3" name="tests.AddToCartTest" time="29.679" errors="0" timestamp="2026-02-19T15:50:12 IST" skipped="0">
  <testcase classname="tests.AddToCartTest" name="TC_005_addMultipleItemsToCart" time="10.018"/>
  <testcase classname="tests.AddToCartTest" name="TC_004_addToCart" time="9.193"/>
  <testcase classname="tests.AddToCartTest" name="TC_006_removeItemFromCart" time="10.468"/>
</testsuite> <!-- tests.AddToCartTest -->
