<?xml version="1.0" encoding="UTF-8"?>
<!-- Generated by org.testng.reporters.JUnitReportReporter -->
<testsuite hostname="Proton" failures="0" tests="3" name="tests.AddToCartTest" time="38.092" errors="0" timestamp="2026-02-23T22:37:04 IST" skipped="0">
  <testcase classname="tests.AddToCartTest" name="TC_004_addToCart" time="11.749"/>
  <testcase classname="tests.AddToCartTest" name="TC_006_removeItemFromCart" time="13.817"/>
  <testcase classname="tests.AddToCartTest" name="TC_005_addMultipleItemsToCart" time="12.526"/>
</testsuite> <!-- tests.AddToCartTest -->
