<?xml version="1.0" encoding="UTF-8"?>
<!-- Generated by org.testng.reporters.JUnitReportReporter -->
<testsuite hostname="Proton" failures="0" tests="3" name="tests.LoginTest" time="25.695" errors="0" timestamp="2026-02-19T15:50:12 IST" skipped="0">
  <testcase classname="tests.LoginTest" name="TC_002_invalidUserLogin" time="7.504"/>
  <testcase classname="tests.LoginTest" name="TC_001_validLogin" time="10.971"/>
  <testcase classname="tests.LoginTest" name="TC_003_clickLoginButtonOnly" time="7.220"/>
</testsuite> <!-- tests.LoginTest -->
